<?xml version="1.0" encoding="UTF-8"?>
<!-- Generated by org.testng.reporters.JUnitXMLReporter -->
<testsuite ignored="0" hostname="DESKTOP-UDLAN01" failures="0" tests="3" name="Sbmit Order Test " time="28.77" errors="0" timestamp="2024-01-11T12:41:51 GMT">
  <testcase classname="akSelenium.tests.SubmitOrderTest" name="SubmitOrder" time="6.028"/>
  <testcase classname="akSelenium.tests.SubmitOrderTest" name="SubmitOrder" time="5.935"/>
  <testcase classname="akSelenium.tests.SubmitOrderTest" name="OrderHistory" time="2.197"/>
</testsuite> <!-- Sbmit Order Test  -->
